This is pdfTeX, Version 3.141592653-2.6-1.40.25 (TeX Live 2023) (preloaded format=pdflatex 2023.5.2)  1 SEP 2023 10:40
entering extended mode
 restricted \write18 enabled.
 file:line:error style messages enabled.
 %&-line parsing enabled.
**c:/Users/porpo/Documents/GitHub/docs/specifica_tecnica/specifica_tecnica_v0.0.1.tex
(c:/Users/porpo/Documents/GitHub/docs/specifica_tecnica/specifica_tecnica_v0.0.1.tex
LaTeX2e <2022-11-01> patch level 1
L3 programming layer <2023-04-20> (c:/texlive/2023/texmf-dist/tex/latex/base/article.cls
Document Class: article 2022/07/02 v1.4n Standard LaTeX document class
(c:/texlive/2023/texmf-dist/tex/latex/base/size12.clo
File: size12.clo 2022/07/02 v1.4n Standard LaTeX file (size option)
)
\c@part=\count185
\c@section=\count186
\c@subsection=\count187
\c@subsubsection=\count188
\c@paragraph=\count189
\c@subparagraph=\count190
\c@figure=\count191
\c@table=\count192
\abovecaptionskip=\skip48
\belowcaptionskip=\skip49
\bibindent=\dimen140
) (c:/texlive/2023/texmf-dist/tex/latex/graphics/graphicx.sty
Package: graphicx 2021/09/16 v1.2d Enhanced LaTeX Graphics (DPC,SPQR)
 (c:/texlive/2023/texmf-dist/tex/latex/graphics/keyval.sty
Package: keyval 2022/05/29 v1.15 key=value parser (DPC)
\KV@toks@=\toks16
) (c:/texlive/2023/texmf-dist/tex/latex/graphics/graphics.sty
Package: graphics 2022/03/10 v1.4e Standard LaTeX Graphics (DPC,SPQR)
 (c:/texlive/2023/texmf-dist/tex/latex/graphics/trig.sty
Package: trig 2021/08/11 v1.11 sin cos tan (DPC)
) (c:/texlive/2023/texmf-dist/tex/latex/graphics-cfg/graphics.cfg
File: graphics.cfg 2016/06/04 v1.11 sample graphics configuration
)
Package graphics Info: Driver file: pdftex.def on input line 107.
 (c:/texlive/2023/texmf-dist/tex/latex/graphics-def/pdftex.def
File: pdftex.def 2022/09/22 v1.2b Graphics/color driver for pdftex
))
\Gin@req@height=\dimen141
\Gin@req@width=\dimen142
) (c:/texlive/2023/texmf-dist/tex/latex/hyperref/hyperref.sty
Package: hyperref 2023-04-22 v7.00x Hypertext links for LaTeX
 (c:/texlive/2023/texmf-dist/tex/generic/ltxcmds/ltxcmds.sty
Package: ltxcmds 2020-05-10 v1.25 LaTeX kernel commands for general use (HO)
) (c:/texlive/2023/texmf-dist/tex/generic/iftex/iftex.sty
Package: iftex 2022/02/03 v1.0f TeX engine tests
) (c:/texlive/2023/texmf-dist/tex/generic/pdftexcmds/pdftexcmds.sty
Package: pdftexcmds 2020-06-27 v0.33 Utility functions of pdfTeX for LuaTeX (HO)
 (c:/texlive/2023/texmf-dist/tex/generic/infwarerr/infwarerr.sty
Package: infwarerr 2019/12/03 v1.5 Providing info/warning/error messages (HO)
)
Package pdftexcmds Info: \pdf@primitive is available.
Package pdftexcmds Info: \pdf@ifprimitive is available.
Package pdftexcmds Info: \pdfdraftmode found.
) (c:/texlive/2023/texmf-dist/tex/latex/kvsetkeys/kvsetkeys.sty
Package: kvsetkeys 2022-10-05 v1.19 Key value parser (HO)
) (c:/texlive/2023/texmf-dist/tex/generic/kvdefinekeys/kvdefinekeys.sty
Package: kvdefinekeys 2019-12-19 v1.6 Define keys (HO)
) (c:/texlive/2023/texmf-dist/tex/generic/pdfescape/pdfescape.sty
Package: pdfescape 2019/12/09 v1.15 Implements pdfTeX's escape features (HO)
) (c:/texlive/2023/texmf-dist/tex/latex/hycolor/hycolor.sty
Package: hycolor 2020-01-27 v1.10 Color options for hyperref/bookmark (HO)
) (c:/texlive/2023/texmf-dist/tex/latex/letltxmacro/letltxmacro.sty
Package: letltxmacro 2019/12/03 v1.6 Let assignment for LaTeX macros (HO)
) (c:/texlive/2023/texmf-dist/tex/latex/auxhook/auxhook.sty
Package: auxhook 2019-12-17 v1.6 Hooks for auxiliary files (HO)
) (c:/texlive/2023/texmf-dist/tex/latex/hyperref/nameref.sty
Package: nameref 2022-05-17 v2.50 Cross-referencing by name of section
 (c:/texlive/2023/texmf-dist/tex/latex/refcount/refcount.sty
Package: refcount 2019/12/15 v3.6 Data extraction from label references (HO)
) (c:/texlive/2023/texmf-dist/tex/generic/gettitlestring/gettitlestring.sty
Package: gettitlestring 2019/12/15 v1.6 Cleanup title references (HO)
 (c:/texlive/2023/texmf-dist/tex/latex/kvoptions/kvoptions.sty
Package: kvoptions 2022-06-15 v3.15 Key value format for package options (HO)
))
\c@section@level=\count193
) (c:/texlive/2023/texmf-dist/tex/latex/etoolbox/etoolbox.sty
Package: etoolbox 2020/10/05 v2.5k e-TeX tools for LaTeX (JAW)
\etb@tempcnta=\count194
)
\@linkdim=\dimen143
\Hy@linkcounter=\count195
\Hy@pagecounter=\count196
 (c:/texlive/2023/texmf-dist/tex/latex/hyperref/pd1enc.def
File: pd1enc.def 2023-04-22 v7.00x Hyperref: PDFDocEncoding definition (HO)
Now handling font encoding PD1 ...
... no UTF-8 mapping file for font encoding PD1
) (c:/texlive/2023/texmf-dist/tex/generic/intcalc/intcalc.sty
Package: intcalc 2019/12/15 v1.3 Expandable calculations with integers (HO)
)
\Hy@SavedSpaceFactor=\count197
 (c:/texlive/2023/texmf-dist/tex/latex/hyperref/puenc.def
File: puenc.def 2023-04-22 v7.00x Hyperref: PDF Unicode definition (HO)
Now handling font encoding PU ...
... no UTF-8 mapping file for font encoding PU
)
Package hyperref Info: Hyper figures OFF on input line 4182.
Package hyperref Info: Link nesting OFF on input line 4187.
Package hyperref Info: Hyper index ON on input line 4190.
Package hyperref Info: Plain pages OFF on input line 4197.
Package hyperref Info: Backreferencing OFF on input line 4202.
Package hyperref Info: Implicit mode ON; LaTeX internals redefined.
Package hyperref Info: Bookmarks ON on input line 4449.
\c@Hy@tempcnt=\count198
 (c:/texlive/2023/texmf-dist/tex/latex/url/url.sty
\Urlmuskip=\muskip16
Package: url 2013/09/16  ver 3.4  Verb mode for urls, etc.
)
LaTeX Info: Redefining \url on input line 4787.
\XeTeXLinkMargin=\dimen144
 (c:/texlive/2023/texmf-dist/tex/generic/bitset/bitset.sty
Package: bitset 2019/12/09 v1.3 Handle bit-vector datatype (HO)
 (c:/texlive/2023/texmf-dist/tex/generic/bigintcalc/bigintcalc.sty
Package: bigintcalc 2019/12/15 v1.5 Expandable calculations on big integers (HO)
))
\Fld@menulength=\count199
\Field@Width=\dimen145
\Fld@charsize=\dimen146
Package hyperref Info: Hyper figures OFF on input line 6066.
Package hyperref Info: Link nesting OFF on input line 6071.
Package hyperref Info: Hyper index ON on input line 6074.
Package hyperref Info: backreferencing OFF on input line 6081.
Package hyperref Info: Link coloring OFF on input line 6086.
Package hyperref Info: Link coloring with OCG OFF on input line 6091.
Package hyperref Info: PDF/A mode OFF on input line 6096.
 (c:/texlive/2023/texmf-dist/tex/latex/base/atbegshi-ltx.sty
Package: atbegshi-ltx 2021/01/10 v1.0c Emulation of the original atbegshi
package with kernel methods
)
\Hy@abspage=\count266
\c@Item=\count267
\c@Hfootnote=\count268
)
Package hyperref Info: Driver (autodetected): hpdftex.
 (c:/texlive/2023/texmf-dist/tex/latex/hyperref/hpdftex.def
File: hpdftex.def 2023-04-22 v7.00x Hyperref driver for pdfTeX
 (c:/texlive/2023/texmf-dist/tex/latex/base/atveryend-ltx.sty
Package: atveryend-ltx 2020/08/19 v1.0a Emulation of the original atveryend package
with kernel methods
)
\Fld@listcount=\count269
\c@bookmark@seq@number=\count270
 (c:/texlive/2023/texmf-dist/tex/latex/rerunfilecheck/rerunfilecheck.sty
Package: rerunfilecheck 2022-07-10 v1.10 Rerun checks for auxiliary files (HO)
 (c:/texlive/2023/texmf-dist/tex/generic/uniquecounter/uniquecounter.sty
Package: uniquecounter 2019/12/15 v1.4 Provide unlimited unique counter (HO)
)
Package uniquecounter Info: New unique counter `rerunfilecheck' on input line 285.
)
\Hy@SectionHShift=\skip50
) (c:/texlive/2023/texmf-dist/tex/latex/makecell/makecell.sty
Package: makecell 2009/08/03 V0.1e Managing of Tab Column Heads and Cells
 (c:/texlive/2023/texmf-dist/tex/latex/tools/array.sty
Package: array 2022/09/04 v2.5g Tabular extension package (FMi)
\col@sep=\dimen147
\ar@mcellbox=\box51
\extrarowheight=\dimen148
\NC@list=\toks17
\extratabsurround=\skip51
\backup@length=\skip52
\ar@cellbox=\box52
)
\rotheadsize=\dimen149
\c@nlinenum=\count271
\TeXr@lab=\toks18
) (c:/texlive/2023/texmf-dist/tex/latex/base/makeidx.sty
Package: makeidx 2021/10/04 v1.0m Standard LaTeX package
) (c:/texlive/2023/texmf-dist/tex/latex/eurosym/eurosym.sty
Package: eurosym 1998/08/06 v1.1 European currency symbol ``Euro''
\@eurobox=\box53
) (c:/texlive/2023/texmf-dist/tex/latex/fancyhdr/fancyhdr.sty
Package: fancyhdr 2022/11/09 v4.1 Extensive control of page headers and footers
\f@nch@headwidth=\skip53
\f@nch@O@elh=\skip54
\f@nch@O@erh=\skip55
\f@nch@O@olh=\skip56
\f@nch@O@orh=\skip57
\f@nch@O@elf=\skip58
\f@nch@O@erf=\skip59
\f@nch@O@olf=\skip60
\f@nch@O@orf=\skip61
) (c:/texlive/2023/texmf-dist/tex/latex/titlesec/titlesec.sty
Package: titlesec 2021/07/05 v2.14 Sectioning titles
\ttl@box=\box54
\beforetitleunit=\skip62
\aftertitleunit=\skip63
\ttl@plus=\dimen150
\ttl@minus=\dimen151
\ttl@toksa=\toks19
\titlewidth=\dimen152
\titlewidthlast=\dimen153
\titlewidthfirst=\dimen154
) (c:/texlive/2023/texmf-dist/tex/latex/tools/longtable.sty
Package: longtable 2021-09-01 v4.17 Multi-page Table package (DPC)
\LTleft=\skip64
\LTright=\skip65
\LTpre=\skip66
\LTpost=\skip67
\LTchunksize=\count272
\LTcapwidth=\dimen155
\LT@head=\box55
\LT@firsthead=\box56
\LT@foot=\box57
\LT@lastfoot=\box58
\LT@gbox=\box59
\LT@cols=\count273
\LT@rows=\count274
\c@LT@tables=\count275
\c@LT@chunks=\count276
\LT@p@ftn=\toks20
) (../templates/first_page.tex) (../templates/tabella_versioni.tex (c:/texlive/2023/texmf-dist/tex/latex/tools/tabularx.sty
Package: tabularx 2020/01/15 v2.11c `tabularx' package (DPC)
\TX@col@width=\dimen156
\TX@old@table=\dimen157
\TX@old@col=\dimen158
\TX@target=\dimen159
\TX@delta=\dimen160
\TX@cols=\count277
\TX@ftn=\toks21
) (c:/texlive/2023/texmf-dist/tex/latex/adjustbox/adjustbox.sty
Package: adjustbox 2022/10/17 v1.3a Adjusting TeX boxes (trim, clip, ...)
 (c:/texlive/2023/texmf-dist/tex/latex/xkeyval/xkeyval.sty
Package: xkeyval 2022/06/16 v2.9 package option processing (HA)
 (c:/texlive/2023/texmf-dist/tex/generic/xkeyval/xkeyval.tex (c:/texlive/2023/texmf-dist/tex/generic/xkeyval/xkvutils.tex
\XKV@toks=\toks22
\XKV@tempa@toks=\toks23
)
\XKV@depth=\count278
File: xkeyval.tex 2014/12/03 v2.7a key=value parser (HA)
)) (c:/texlive/2023/texmf-dist/tex/latex/adjustbox/adjcalc.sty
Package: adjcalc 2012/05/16 v1.1 Provides advanced setlength with multiple back-ends (calc, etex, pgfmath)
) (c:/texlive/2023/texmf-dist/tex/latex/adjustbox/trimclip.sty
Package: trimclip 2020/08/19 v1.2 Trim and clip general TeX material
 (c:/texlive/2023/texmf-dist/tex/latex/collectbox/collectbox.sty
Package: collectbox 2022/10/17 v0.4c Collect macro arguments as boxes
\collectedbox=\box60
)
\tc@llx=\dimen161
\tc@lly=\dimen162
\tc@urx=\dimen163
\tc@ury=\dimen164
Package trimclip Info: Using driver 'tc-pdftex.def'.
 (c:/texlive/2023/texmf-dist/tex/latex/adjustbox/tc-pdftex.def
File: tc-pdftex.def 2019/01/04 v2.2 Clipping driver for pdftex
))
\adjbox@Width=\dimen165
\adjbox@Height=\dimen166
\adjbox@Depth=\dimen167
\adjbox@Totalheight=\dimen168
\adjbox@pwidth=\dimen169
\adjbox@pheight=\dimen170
\adjbox@pdepth=\dimen171
\adjbox@ptotalheight=\dimen172
 (c:/texlive/2023/texmf-dist/tex/latex/ifoddpage/ifoddpage.sty
Package: ifoddpage 2022/10/18 v1.2 Conditionals for odd/even page detection
\c@checkoddpage=\count279
) (c:/texlive/2023/texmf-dist/tex/latex/varwidth/varwidth.sty
Package: varwidth 2009/03/30 ver 0.92;  Variable-width minipages
\@vwid@box=\box61
\sift@deathcycles=\count280
\@vwid@loff=\dimen173
\@vwid@roff=\dimen174
))
\c@verscount=\count281
) (../templates/styles.tex) (c:/texlive/2023/texmf-dist/tex/latex/l3backend/l3backend-pdftex.def
File: l3backend-pdftex.def 2023-04-19 L3 backend support: PDF output (pdfTeX)
\l__color_backend_stack_int=\count282
\l__pdf_internal_box=\box62
) (./specifica_tecnica_v0.0.1.aux)
\openout1 = `specifica_tecnica_v0.0.1.aux'.

LaTeX Font Info:    Checking defaults for OML/cmm/m/it on input line 15.
LaTeX Font Info:    ... okay on input line 15.
LaTeX Font Info:    Checking defaults for OMS/cmsy/m/n on input line 15.
LaTeX Font Info:    ... okay on input line 15.
LaTeX Font Info:    Checking defaults for OT1/cmr/m/n on input line 15.
LaTeX Font Info:    ... okay on input line 15.
LaTeX Font Info:    Checking defaults for T1/cmr/m/n on input line 15.
LaTeX Font Info:    ... okay on input line 15.
LaTeX Font Info:    Checking defaults for TS1/cmr/m/n on input line 15.
LaTeX Font Info:    ... okay on input line 15.
LaTeX Font Info:    Checking defaults for OMX/cmex/m/n on input line 15.
LaTeX Font Info:    ... okay on input line 15.
LaTeX Font Info:    Checking defaults for U/cmr/m/n on input line 15.
LaTeX Font Info:    ... okay on input line 15.
LaTeX Font Info:    Checking defaults for PD1/pdf/m/n on input line 15.
LaTeX Font Info:    ... okay on input line 15.
LaTeX Font Info:    Checking defaults for PU/pdf/m/n on input line 15.
LaTeX Font Info:    ... okay on input line 15.
 (c:/texlive/2023/texmf-dist/tex/context/base/mkii/supp-pdf.mkii
[Loading MPS to PDF converter (version 2006.09.02).]
\scratchcounter=\count283
\scratchdimen=\dimen175
\scratchbox=\box63
\nofMPsegments=\count284
\nofMParguments=\count285
\everyMPshowfont=\toks24
\MPscratchCnt=\count286
\MPscratchDim=\dimen176
\MPnumerator=\count287
\makeMPintoPDFobject=\count288
\everyMPtoPDFconversion=\toks25
) (c:/texlive/2023/texmf-dist/tex/latex/epstopdf-pkg/epstopdf-base.sty
Package: epstopdf-base 2020-01-24 v2.11 Base part for package epstopdf
Package epstopdf-base Info: Redefining graphics rule for `.eps' on input line 485.
 (c:/texlive/2023/texmf-dist/tex/latex/latexconfig/epstopdf-sys.cfg
File: epstopdf-sys.cfg 2010/07/13 v1.3 Configuration of (r)epstopdf for TeX Live
))
Package hyperref Info: Link coloring OFF on input line 15.
 (./specifica_tecnica_v0.0.1.out) (./specifica_tecnica_v0.0.1.out)
\@outlinefile=\write3
\openout3 = `specifica_tecnica_v0.0.1.out'.

<../templates/img//Swellfish_logo.png, id=64, 203.5605pt x 151.767pt>
File: ../templates/img//Swellfish_logo.png Graphic file (type png)
<use ../templates/img//Swellfish_logo.png>
Package pdftex.def Info: ../templates/img//Swellfish_logo.png  used on input line 20.
(pdftex.def)             Requested size: 142.49136pt x 106.23616pt.
LaTeX Font Info:    External font `cmex10' loaded for size
(Font)              <14.4> on input line 24.
LaTeX Font Info:    External font `cmex10' loaded for size
(Font)              <7> on input line 24.
LaTeX Font Info:    External font `cmex10' loaded for size
(Font)              <12> on input line 26.
LaTeX Font Info:    External font `cmex10' loaded for size
(Font)              <8> on input line 26.
LaTeX Font Info:    External font `cmex10' loaded for size
(Font)              <6> on input line 26.
 [1

{c:/texlive/2023/texmf-var/fonts/map/pdftex/updmap/pdftex.map} <../templates/img//Swellfish_logo.png>]
Underfull \hbox (badness 10000) in paragraph at lines 50--50
[]|\OT1/cmr/m/n/12 Elena Mar-
 []


Underfull \hbox (badness 10000) in paragraph at lines 50--50
[]|\OT1/cmr/m/n/12 Davide Por-
 []


Underfull \hbox (badness 2302) in paragraph at lines 50--50
[]|\OT1/cmr/m/n/12 Creata strut-
 []


Underfull \hbox (badness 2495) in paragraph at lines 50--50
\OT1/cmr/m/n/12 tura di base
 []


Underfull \hbox (badness 10000) in paragraph at lines 50--50
\OT1/cmr/m/n/12 del doc-u-
 []


Underfull \hbox (badness 10000) in paragraph at lines 50--50
[]|\OT1/cmr/m/n/12 Davide Por-
 []


Underfull \hbox (badness 1331) in paragraph at lines 50--50
\OT1/cmr/m/n/12 po-rati, Elena
 []


Underfull \hbox (badness 10000) in paragraph at lines 50--50
[]|\OT1/cmr/m/n/12 Francesco
 []


Underfull \hbox (badness 10000) in paragraph at lines 50--50
[]|\OT1/cmr/m/n/12 Aggiunti
 []


Underfull \hbox (badness 10000) in paragraph at lines 50--50
\OT1/cmr/m/n/12 UML, mod-i-
 []


Underfull \hbox (badness 2818) in paragraph at lines 50--50
\OT1/cmr/m/n/12 fi-cata tabella
 []


Underfull \hbox (badness 10000) in paragraph at lines 50--50
\OT1/cmr/m/n/12 req-ui-siti e
 []


Underfull \hbox (badness 10000) in paragraph at lines 50--50
\OT1/cmr/m/n/12 in-for-mazioni
 []

[2] (./specifica_tecnica_v0.0.1.toc)
\tf@toc=\write4
\openout4 = `specifica_tecnica_v0.0.1.toc'.

 [3

] [4{c:/texlive/2023/texmf-dist/fonts/enc/dvips/cm-super/cm-super-ts1.enc}]
Overfull \hbox (2.7618pt too wide) in paragraph at lines 119--119
[]|\OT1/cmr/m/n/12 Classificazione| 
 []


Underfull \hbox (badness 10000) in paragraph at lines 125--125
[]|\OT1/cmr/m/n/12 L'utente deve poter au-
 []


Underfull \hbox (badness 10000) in paragraph at lines 133--133
[]|\OT1/cmr/m/n/12 L'utente deve poter se-
 []


Underfull \hbox (badness 5460) in paragraph at lines 133--133
\OT1/cmr/m/n/12 lezionare le zone su cui
 []


Underfull \hbox (badness 10000) in paragraph at lines 135--135
[]|\OT1/cmr/m/n/12 L'utente deve poter
 []


Underfull \hbox (badness 10000) in paragraph at lines 135--135
\OT1/cmr/m/n/12 diminuire la lu-mi-nosit^^Ra
 []


Underfull \hbox (badness 2538) in paragraph at lines 139--139
\OT1/cmr/m/n/12 un mes-sag-gio d'errore nel
 []


Underfull \hbox (badness 10000) in paragraph at lines 141--141
[]|\OT1/cmr/m/n/12 L'utente deve poter
 []


Overfull \hbox (29.88577pt too wide) in paragraph at lines 117--144
[] 
 []

[5]
Overfull \hbox (2.7618pt too wide) in paragraph at lines 147--147
[]|\OT1/cmr/m/n/12 Classificazione| 
 []


Underfull \hbox (badness 2376) in paragraph at lines 155--155
[]|\OT1/cmr/m/n/12 L'utente deve poter mod-
 []


Underfull \hbox (badness 6477) in paragraph at lines 155--155
\OT1/cmr/m/n/12 i-fi-care le in-for-mazioni di
 []


Underfull \hbox (badness 10000) in paragraph at lines 173--173
[]|\OT1/cmr/m/n/12 L'utente deve poter se-
 []


Underfull \hbox (badness 10000) in paragraph at lines 177--177
[]|\OT1/cmr/m/n/12 L'utente deve poter in-
 []


Underfull \hbox (badness 3536) in paragraph at lines 177--177
\OT1/cmr/m/n/12 serire un nuovo lam-pi-one
 []


Overfull \hbox (47.51059pt too wide) in paragraph at lines 145--182
[][] 
 []

[6]
Overfull \vbox (76.19963pt too high) has occurred while \output is active []

 [7]
Overfull \hbox (2.7618pt too wide) in paragraph at lines 185--185
[]|\OT1/cmr/m/n/12 Classificazione| 
 []


Underfull \hbox (badness 10000) in paragraph at lines 189--189
[]|\OT1/cmr/m/n/12 L'amministratore deve
 []


Underfull \hbox (badness 10000) in paragraph at lines 189--189
\OT1/cmr/m/n/12 poter aprire una nuova
 []


Underfull \hbox (badness 2261) in paragraph at lines 189--189
\OT1/cmr/m/n/12 seg-nalazione di un guasto
 []


Overfull \hbox (47.51059pt too wide) in paragraph at lines 183--202
[][] 
 []


Underfull \hbox (badness 10000) in paragraph at lines 208--208
[]|\OT1/cmr/m/n/12 La we-bapp deve es-sere
 []


Underfull \hbox (badness 1448) in paragraph at lines 208--208
\OT1/cmr/m/n/12 svilup-pata seguendo le re-
 []


Underfull \hbox (badness 10000) in paragraph at lines 208--209
[]|\OT1/cmr/m/n/12 Non sod-
 []


Underfull \hbox (badness 10000) in paragraph at lines 209--210
[]|\OT1/cmr/m/n/12 Non sod-
 []


Underfull \hbox (badness 1655) in paragraph at lines 210--210
\OT1/cmr/m/n/12 u-mento sulle scelte im-ple-
 []


Underfull \hbox (badness 10000) in paragraph at lines 210--211
[]|\OT1/cmr/m/n/12 Non sod-
 []


Underfull \hbox (badness 10000) in paragraph at lines 211--212
[]|\OT1/cmr/m/n/12 Non sod-
 []


Underfull \hbox (badness 1838) in paragraph at lines 212--212
\OT1/cmr/m/n/12 carico mas-simo sup-por-t-ato
 []


Underfull \hbox (badness 1009) in paragraph at lines 212--212
\OT1/cmr/m/n/12 in nu-mero di dis-pos-i-tivi e
 []


Underfull \hbox (badness 10000) in paragraph at lines 212--213
[]|\OT1/cmr/m/n/12 Non sod-
 []


Overfull \hbox (1.43301pt too wide) in paragraph at lines 204--216
[] 
 []

[8] [9] (./specifica_tecnica_v0.0.1.aux)
Package rerunfilecheck Info: File `specifica_tecnica_v0.0.1.out' has not changed.
(rerunfilecheck)             Checksum: 6CA9550D687D5913F2A1F05CDBEFF0C2;2245.
 ) 
Here is how much of TeX's memory you used:
 10600 strings out of 476001
 168626 string characters out of 5793198
 1873068 words of memory out of 5000000
 30901 multiletter control sequences out of 15000+600000
 518139 words of font info for 51 fonts, out of 8000000 for 9000
 1141 hyphenation exceptions out of 8191
 75i,11n,76p,366b,440s stack positions out of 10000i,1000n,20000p,200000b,200000s
<c:/texlive/2023/texmf-dist/fonts/type1/public/amsfonts/cm/cmbx12.pfb><c:/texlive/2023/texmf-dist/fonts/type1/public/amsfonts/cm/cmr12.pfb><c:/texlive/2023/texmf-dist/fonts/type1/public/amsfonts/cm/cmr17.pfb><c:/texlive/2023/texmf-dist/fonts/type1/public/amsfonts/cm/cmti12.pfb><c:/texlive/2023/texmf-dist/fonts/type1/public/cm-super/sfrm1200.pfb>
Output written on specifica_tecnica_v0.0.1.pdf (9 pages, 99112 bytes).
PDF statistics:
 161 PDF objects out of 1000 (max. 8388607)
 137 compressed objects within 2 object streams
 25 named destinations out of 1000 (max. 500000)
 126 words of extra memory for PDF output out of 10000 (max. 10000000)

